@hironica telnetショッキング #takawo杯 https://twitter.com/#!/hironica/status/235263099660300288
@hanamura Kindleジュン #takawo杯 https://twitter.com/#!/hanamura/status/235262334782816256
@s9uare6usher RT @o8l8o: RT @s9uare6usher: ( ͒•̀ㅈ•́ ͒)っ三▱ 写研  ( ͒•ㅈ̮• ͒)]ฅ 杯杯文字文字 だ #takawo杯 #文字なぞり部 #字作字演 https://twitter.com/#!/s9uare6usher/status/235262169351077888
@takawo ジャパネットカタカタ #takawo杯 https://twitter.com/#!/takawo/status/235261843780825089
@osicoman min min ゼミ #takawo杯 https://twitter.com/#!/osicoman/status/235256591513964544
@hanamura Java...Java...Ja..Java......Java #takawo杯 https://twitter.com/#!/hanamura/status/235255546444410880
@st44100 篠田麻理工 #takawo杯 https://twitter.com/#!/st44100/status/235252992423636993
@takawo お盆は閉まってるけどaitendo #takawo杯 https://twitter.com/#!/takawo/status/235250679868977152
@st44100 僕がlong, short 決めたらあのムスメどんな顔するだろ #takawo杯 https://twitter.com/#!/st44100/status/235233443938717697
@ishib 強く願えば夢はかな入力 #takawo杯 https://twitter.com/#!/ishib/status/235231878817398785
@ishib かなキーときは泣いてもいいよ #takawo杯 https://twitter.com/#!/ishib/status/235231843782373376
@ishib ブリーフがkey bindしまった #takawo杯 https://twitter.com/#!/ishib/status/235231814237683712
@ishib Pinboard暇なし #takawo杯 https://twitter.com/#!/ishib/status/235231744515792896
@ishib All-in-one PCには魔物が棲むという #takawo杯 https://twitter.com/#!/ishib/status/235231678686195712
@ishib 世界のhatenaで連れてって #takawo杯 https://twitter.com/#!/ishib/status/235231640698384384
@ishib 則巻gantt chart #takawo杯 https://twitter.com/#!/ishib/status/235231604581232642
@tanibeta Clifford Browse &amp; Max Launch #takawo杯 https://twitter.com/#!/tanibeta/status/235229524659421185
@nashi17 RT @nomolk: 女医が教える本当に気持ちのIE6 #takawo杯 https://twitter.com/#!/nashi17/status/235219391904636928
@hanamura お手aloye #takawo杯 https://twitter.com/#!/hanamura/status/235214770087800832
@st44100 織田有人監視 #takawo杯 https://twitter.com/#!/st44100/status/235214627720531969
@st44100 課金にションボリ(´・ω・｀)  #takawo杯 https://twitter.com/#!/st44100/status/235212311596507136
@st44100 釣りスタんとイゾルデ #takawo杯 https://twitter.com/#!/st44100/status/235211661416464384
@st44100 よろseek お願いします。#takawo杯 https://twitter.com/#!/st44100/status/235211463130742784
@shimatani_10111 優雅で感傷的な日本Yahoo! #takawo杯 https://twitter.com/#!/shimatani_10111/status/235202686495100929
@Baniee hash・ド・ビーフ FON・ド・ボー #takawo杯 https://twitter.com/#!/Baniee/status/235175959354036224
@Baniee 桃の節句 端午の節句 IPSec #takawo杯 https://twitter.com/#!/Baniee/status/235174386485825536
@suzukiiiiiiiiii 鴨川にGNUトリア #takawo杯 https://twitter.com/#!/suzukiiiiiiiiii/status/235152676562812929
@suzukiiiiiiiiii 松本コンチート #takawo杯 https://twitter.com/#!/suzukiiiiiiiiii/status/235151858304438272
@suzukiiiiiiiiii 夏へのトリガー #takawo杯 https://twitter.com/#!/suzukiiiiiiiiii/status/235150580107079680
@pero_11 javaわ javaわ javaわ 広い さとうきび畑は #takawo杯 https://twitter.com/#!/pero_11/status/235149994053746689
@suzukiiiiiiiiii アイ・アム・SIMM #takawo杯 https://twitter.com/#!/suzukiiiiiiiiii/status/235149080169414656
@suzukiiiiiiiiii 裸EPROM #takawo杯 https://twitter.com/#!/suzukiiiiiiiiii/status/235148581386981376
@suzukiiiiiiiiii 目覚ましに #takawo杯 https://twitter.com/#!/suzukiiiiiiiiii/status/235148414453702656
@suzukiiiiiiiiii ドムドムBlogger　#takawo杯 https://twitter.com/#!/suzukiiiiiiiiii/status/235148312020410368
@suzukiiiiiiiiii DOM DOM Blogger　#takawo杯 https://twitter.com/#!/suzukiiiiiiiiii/status/235148206890156032
@suzukiiiiiiiiii PaaS　☆ぽ - High-k少女 #takawo杯 https://twitter.com/#!/suzukiiiiiiiiii/status/235147525466755072
@suzukiiiiiiiiii IIS のWinny もSAM年 #takawo杯 https://twitter.com/#!/suzukiiiiiiiiii/status/235146874070384640
@suzukiiiiiiiiii UHS-I じま em　NACK　#takawo杯 https://twitter.com/#!/suzukiiiiiiiiii/status/235145935632613376
@takawo #takawo杯 ボケ防止に良さそう https://twitter.com/#!/takawo/status/235143887927246848
@takawo 一万年と二千年前から愛.stl #takawo杯 https://twitter.com/#!/takawo/status/235143614899044353
@tanibeta 地球のAltキー(カタッ) #takawo杯 https://twitter.com/#!/tanibeta/status/235081600730288128
@tanibeta 東京.to #takawo杯 https://twitter.com/#!/tanibeta/status/235080511888969728
@tanibeta 麦とpop #takawo杯 https://twitter.com/#!/tanibeta/status/235079174027616257
@tanibeta ケニー・G+ #takawo杯 https://twitter.com/#!/tanibeta/status/235078757860392960
@tanibeta Boxcarパンツ #takawo杯 https://twitter.com/#!/tanibeta/status/235078155310858240
@s9uare6usher 徹夜BCCKS #takawo杯 https://twitter.com/#!/s9uare6usher/status/235066215477936129
@nukeme スクロール・ウォーズ #takawo杯 https://twitter.com/#!/nukeme/status/235064851406389248
@nukeme 同期をかける症状(筒井康隆) #takawo杯 https://twitter.com/#!/nukeme/status/235061963162525697
@doritab あともうebay あなたcolor あともう一回のdeltaでぼくらは出直sendmail #takawo杯 https://twitter.com/#!/doritab/status/235060720801304576
@tetsuroupan RT @nt1chk: そしてコレが仕込みiPhoneワークショップの予告動画、『タクシードライバー』へのオマージュ度をさらにアピールした内容。 http://t.co/f4yVMV3d #takawo杯 #仕込みiPhoneWS https://twitter.com/#!/tetsuroupan/status/235036262300540928
@intellipunk RT @nt1chk: そしてコレが仕込みiPhoneワークショップの予告動画、『タクシードライバー』へのオマージュ度をさらにアピールした内容。 http://t.co/f4yVMV3d #takawo杯 #仕込みiPhoneWS https://twitter.com/#!/intellipunk/status/235030400790040576
@gomnaga javadocの詩(ルイス・キャロル作) #takawo杯 https://twitter.com/#!/gomnaga/status/235029755395715072
@keharafont RT @nt1chk: そしてコレが仕込みiPhoneワークショップの予告動画、『タクシードライバー』へのオマージュ度をさらにアピールした内容。 http://t.co/f4yVMV3d #takawo杯 #仕込みiPhoneWS https://twitter.com/#!/keharafont/status/235029587392868352
@artypo （@▱≪3）音☁でSG持ったSEが書き鳴らすCEO運動ミュージック！ガレージで生まれたIT駄洒落・モンスター、おっと！CADラックに足引っ掛けExcelミュージックで週末ダンスっちまったZ！あらゆるものを疑ってググること、それが重役の隅ですることDAT記録したら #takawo杯 https://twitter.com/#!/artypo/status/235028326102732801
@johnmanjiro1978 RT @nt1chk: そしてコレが仕込みiPhoneワークショップの予告動画、『タクシードライバー』へのオマージュ度をさらにアピールした内容。 http://t.co/f4yVMV3d #takawo杯 #仕込みiPhoneWS https://twitter.com/#!/johnmanjiro1978/status/235025922078674944
@o8l8o RT @s9uare6usher: ( ͒•̀ㅈ•́ ͒)っ三▱ 写研  ( ͒•ㅈ̮• ͒)]ฅ 杯杯文字文字 だ #takawo杯 #文字なぞり部 https://twitter.com/#!/o8l8o/status/235020806554533888
@morisatoh RT @nt1chk: そしてコレが仕込みiPhoneワークショップの予告動画、『タクシードライバー』へのオマージュ度をさらにアピールした内容。 http://t.co/f4yVMV3d #takawo杯 #仕込みiPhoneWS https://twitter.com/#!/morisatoh/status/235020746840240128
@s9uare6usher ( ͒•̀ㅈ•́ ͒)っ三▱ 写研  ( ͒•ㅈ̮• ͒)]ฅ 杯杯文字文字 だ #takawo杯 #文字なぞり部 https://twitter.com/#!/s9uare6usher/status/235020107997388800
@tanibeta keyconfig男性 #takawo杯 https://twitter.com/#!/tanibeta/status/235019540227055616
@nt1chk そしてコレが仕込みiPhoneワークショップの予告動画、『タクシードライバー』へのオマージュ度をさらにアピールした内容。 http://t.co/f4yVMV3d #takawo杯 #仕込みiPhoneWS https://twitter.com/#!/nt1chk/status/235019177977589761
@morisatoh RT @nt1chk: TLでスルーしてたんだが、まさか森さん仕込みiPhoneのワークショップやることになっていたとは、アホな企画だな・ http://t.co/dkNTcVqM #takawo杯 #仕込みiPhoneWS https://twitter.com/#!/morisatoh/status/235018504292671488
@nt1chk TLでスルーしてたんだが、まさか森さん仕込みiPhoneのワークショップやることになっていたとは、アホな企画だな・ http://t.co/dkNTcVqM #takawo杯 #仕込みiPhoneWS https://twitter.com/#!/nt1chk/status/235017976485666816
@s9uare6usher 和歌 短歌の 恵みあれ #takawo杯 https://twitter.com/#!/s9uare6usher/status/235017613166653440
@s9uare6usher サブアカたちに #takawo杯 https://twitter.com/#!/s9uare6usher/status/235017571479474177
@tanibeta Canon PowerShut #takawo杯 https://twitter.com/#!/tanibeta/status/235017529498693632
@nt1chk RT @takawo: 突然ですが、9/8(土)13時から仕込みiPhoneワークショップを外苑前403forbiddenにて行います。予告動画 http://t.co/UmmXFhMh #takawo杯 #仕込みiPhoneWS https://twitter.com/#!/nt1chk/status/235017520912949248
@tanibeta 雨降ってzip固まる #takawo杯 https://twitter.com/#!/tanibeta/status/235017066355236864
@tanibeta ロッテ .piの実 #takawo杯 https://twitter.com/#!/tanibeta/status/235014995757395969
@tanibeta SIM刻 #takawo杯 https://twitter.com/#!/tanibeta/status/235012958592331778
@tanibeta WAV子 #takawo杯 https://twitter.com/#!/tanibeta/status/235012636931133441
@tanibeta 北海DAW #takawo杯 https://twitter.com/#!/tanibeta/status/235012206985633793
@takawo 俺より強い奴にうしじまいいにく #takawo杯 https://twitter.com/#!/takawo/status/235011557380218880
@artypo @▱≪3「Luke Vid-DLは？」 #takawo杯 https://twitter.com/#!/artypo/status/235009507636420611
@s9uare6usher #takawo杯 もしもし！ https://twitter.com/#!/s9uare6usher/status/235004534202712066
@artypo Aphex Twindows8 #takawo杯 https://twitter.com/#!/artypo/status/235001925224001537
@artypo Aphex Twindows7 #takawo杯 https://twitter.com/#!/artypo/status/235001894265827328
@artypo Aphex TwindowsXP #takawo杯 https://twitter.com/#!/artypo/status/235001857200771072
@artypo μ-Zip #takawo杯 https://twitter.com/#!/artypo/status/235000973892911105
@tanibeta ブRAWアー #takawo杯 https://twitter.com/#!/tanibeta/status/235000911548776448
@artypo ファイヤーウォール一派 #takawo杯 https://twitter.com/#!/artypo/status/235000742237327361
@tanibeta もしドRAW #takawo杯 https://twitter.com/#!/tanibeta/status/235000118099718144
@msy_ssk RT @takawo: ダンスさえ踊れない狂ったこの時代に、毛繕いコミュニケーションじゃ何一つ解決しやしないんだ！@もRTも要らない、行間で伝わんだろ？心拍数はきっかり96、魂を砕いてDRMフリーで撒き散らす俺が合法IT駄洒落プッシャー #takawo杯 第2回、皆様からのご応募お待ちしております！ https://twitter.com/#!/msy_ssk/status/234999910255181824
@hirbaaa 浅野ToDo信 #takawo杯 https://twitter.com/#!/hirbaaa/status/234998509886115840
@artypo 本日の浮遊: Sky屁 #takawo杯 https://twitter.com/#!/artypo/status/234997868891627520
@takawo 天使ちゃんマジレイテンシー #takawo杯 https://twitter.com/#!/takawo/status/234997079527813121
@takawo 黒子のHaskell #takawo杯 https://twitter.com/#!/takawo/status/234996432023728128
@62BKW RT @loveandsheep145: おかえりなさい、おfloatにする？ごhung-upする？それともア , tar.Z？ #takawo杯 https://twitter.com/#!/62BKW/status/234995979437355008
@loveandsheep145 おかえりなさい、おfloatにする？ごhung-upする？それともア , tar.Z？ #takawo杯 https://twitter.com/#!/loveandsheep145/status/234995509302013953
@artypo クリストファー「走らない！」 #takawo杯 https://twitter.com/#!/artypo/status/234995387579129857
@artypo クリストファー・Norton™  #takawo杯 https://twitter.com/#!/artypo/status/234995176765026304
@loveandsheep145 しまったChar飯、既出だった・・・チェッカー便利です #takawo杯 https://twitter.com/#!/loveandsheep145/status/234994443890069504
@artypo クリストファー「No Language」 #takawo杯 https://twitter.com/#!/artypo/status/234994084211732480
@loveandsheep145 Char飯　#takawo杯 https://twitter.com/#!/loveandsheep145/status/234993138924658688
@illne 遠い海から来たquote #takawo杯 https://twitter.com/#!/illne/status/234991493209804800
@illne 遠い海から来たqueue #takawo杯 https://twitter.com/#!/illne/status/234991257708023808
@illne 向井Re: #takawo杯 https://twitter.com/#!/illne/status/234985681489899520
@takawo デザイン態度 #takawo杯 https://twitter.com/#!/takawo/status/234983707272941568
@siranon RT @ushi_: ももいろクローバーZip「行くぜっ！解凍少女」 #takawo杯 https://twitter.com/#!/siranon/status/234983251058520064
@st44100 恐ーキングスペース #itdajare #takawo杯 https://twitter.com/#!/st44100/status/234982516237418496
@artypo そう 神出鬼没の大drawr Ah #takawo杯 https://twitter.com/#!/artypo/status/234978238563246080
@ushi_ カンタさん #takawo杯 https://twitter.com/#!/ushi_/status/234977762073518080
@ushi_ Zip伝説 〜終わりなき解凍〜 #takawo杯 https://twitter.com/#!/ushi_/status/234977443486773248
@ushi_ We are GUI !!! #takawo杯 https://twitter.com/#!/ushi_/status/234976107609341952
@ushi_ WacomとBamboo #takawo杯 https://twitter.com/#!/ushi_/status/234975999123668992
@ushi_ Mac Darwinなんだもーん☆ #takawo杯 https://twitter.com/#!/ushi_/status/234975902340091904
@ushi_ ももいろクローバーZip「行くぜっ！解凍少女」 #takawo杯 https://twitter.com/#!/ushi_/status/234975804533141504
@artypo ちく.wav #takawo杯 https://twitter.com/#!/artypo/status/234974264082702336
@dezaiso ポ　ポ　ポータル来い #takawo杯 https://twitter.com/#!/dezaiso/status/234974062076645377
@tanibeta #takawo杯 GLAYパーカー https://twitter.com/#!/tanibeta/status/234971776742989824
@artypo .ts と と To: #takawo杯 https://twitter.com/#!/artypo/status/234971455857774592
@artypo ちょっと rate_test ちょっと rate_test #takawo杯 https://twitter.com/#!/artypo/status/234970402156331008
@takawo 切り裂きChucK #takawo杯 https://twitter.com/#!/takawo/status/234970257901645824
@artypo kwsk？ #takawo杯 https://twitter.com/#!/artypo/status/234966800901754880
@artypo .atnでーす。 #takawo杯 https://twitter.com/#!/artypo/status/234966730164805632
@artypo .ntっちでーす。 #takawo杯 https://twitter.com/#!/artypo/status/234966669649383424
@takawo 引田テンキー #takawo杯 https://twitter.com/#!/takawo/status/234966229427826689
@artypo CircuitBending all 杯 time #takawo杯 https://twitter.com/#!/artypo/status/234964707835006976
@artypo @shikakun ダミーだこりゃ #takawo杯 https://twitter.com/#!/artypo/status/234960140481220608
@shikakun placeholderワンワン #takawo杯 https://twitter.com/#!/shikakun/status/234957650750738432
@cloyacco あtwitterらありゃしない #takawo杯 https://twitter.com/#!/cloyacco/status/234957144955428864
@st44100 Dr.スランプArrayちゃん #takawo杯 https://twitter.com/#!/st44100/status/234957100667785216
@st44100 高ハッシュ由美子 #takawo杯 https://twitter.com/#!/st44100/status/234955914543763457
@bodysong_ RT @nomolk: 女ギガ教えるフェムトうにキロちのミリセックス #takawo杯 https://twitter.com/#!/bodysong_/status/234953644372541440
@bodysong_ RT @nomolk: 女医が教える本当に気持ちのe-Tax #takawo杯 https://twitter.com/#!/bodysong_/status/234953442253225984
@st44100 ヨハネス・減るメール #takawo杯 https://twitter.com/#!/st44100/status/234946600068329472
@st44100 がんばルンバ #takawo杯 https://twitter.com/#!/st44100/status/234944697091620864
@artypo Lie付 ハッカソン #takawo杯 https://twitter.com/#!/artypo/status/234944598139600896
@st44100 PLANEX三四郎 #takawo杯 https://twitter.com/#!/st44100/status/234944300843139072
@ozekisan RT @nomolk: 女医gaucheえる本当にschemeちのよいセックス #takawo杯 https://twitter.com/#!/ozekisan/status/234943671047446528
@kakkokka RT @nomolk: 女医gaucheえる本当にschemeちのよいセックス #takawo杯 https://twitter.com/#!/kakkokka/status/234942960947576832
@nukeme どうしようもない僕がテンキーを押してみた #takawo杯 https://twitter.com/#!/nukeme/status/234942295579955200
@SIKI_kuss RT @takawo: 突然ですが、9/8(土)13時から仕込みiPhoneワークショップを外苑前403forbiddenにて行います。予告動画 http://t.co/UmmXFhMh #takawo杯 #仕込みiPhoneWS https://twitter.com/#!/SIKI_kuss/status/234940464955002880
@artypo メメント&lt;!-- モリ --&gt; #takawo杯 https://twitter.com/#!/artypo/status/234938990367744002
@artypo ［@▱≪3］Amazonから届く商品に安らぎを求めて、こゝろで交わすあのアフター5を忘れちまった人々は、夜な夜な飛べないコウ&lt;!-- モリ --&gt;のようにXi(クロッシー)さえずり、牡猫でも分かるさぁ、IT駄洒落発するタグへXjで飛び立てX;でも起き上がれたなら #takawo杯 https://twitter.com/#!/artypo/status/234938374765555712
@amkkun RT @nomolk: 女医gaucheえる本当にschemeちのよいセックス #takawo杯 https://twitter.com/#!/amkkun/status/234930969642147840
@1ban RT @nomolk: 女医gaucheえる本当にschemeちのよいセックス #takawo杯 https://twitter.com/#!/1ban/status/234930556629037056
@_ekac0_ RT @nomolk: 女医がおシェル本当に気持ちの/bin/shックス #takawo杯 https://twitter.com/#!/_ekac0_/status/234930239594172416
@todesking RT @nomolk: 女医gaucheえる本当にschemeちのよいセックス #takawo杯 https://twitter.com/#!/todesking/status/234929817680756736
@_ekac0_ RT @nomolk: 女医が教える本当に気持ちのe-Tax #takawo杯 https://twitter.com/#!/_ekac0_/status/234929765524582400
@kiske_ RT @nomolk: 女医がOCN本当に気持ちのいいセックス #takawo杯 https://twitter.com/#!/kiske_/status/234928943403241472
@kiske_ RT @nomolk: 女医が教える本当に気持ちのe-Tax #takawo杯 https://twitter.com/#!/kiske_/status/234928932292538368
@kiske_ RT @nomolk: 女医gaucheえる本当にschemeちのよいセックス #takawo杯 https://twitter.com/#!/kiske_/status/234928918908518400
@kiske_ RT @nomolk: 女医が教える本当に気持ちのいいtips #takawo杯 https://twitter.com/#!/kiske_/status/234928904568184832
@kiske_ RT @nomolk: 女医が教webフォントうに気持ちのいいセックス #takawo杯 https://twitter.com/#!/kiske_/status/234928892949979136
@kiske_ RT @nomolk: 女医がおCえる本当に気持ちのいいセックス #takawo杯 https://twitter.com/#!/kiske_/status/234928880547414016
@kiske_ RT @nomolk: 女ギガ教えるフェムトうにキロちのミリセックス #takawo杯 https://twitter.com/#!/kiske_/status/234928867473752064
@kiske_ RT @nomolk: 女医が教える本当に気持ちのIE6 #takawo杯 https://twitter.com/#!/kiske_/status/234928677475983360
@kiske_ RT @nomolk: 女医がおシェル本当に気持ちの/bin/shックス #takawo杯 https://twitter.com/#!/kiske_/status/234928666927329280
@kiske_ RT @nomolk: 女医がおCSS本当に気マージンのいいボックス #takawo杯 https://twitter.com/#!/kiske_/status/234928656865181696
@imura_design オブジェクト思考 #takawo杯 https://twitter.com/#!/imura_design/status/234923886599368704
@tanibeta B2B溶液 #takawo杯 https://twitter.com/#!/tanibeta/status/234912607709044736
@artypo FON仕込 #takawo杯 https://twitter.com/#!/artypo/status/234907947329810432
@artypo BAD MOBILE #takawo杯 https://twitter.com/#!/artypo/status/234902189632532480
@artypo BATMOBILE #takawo杯 https://twitter.com/#!/artypo/status/234900005461303298
@yamaWalker 米リトル原 #takawo杯 https://twitter.com/#!/yamaWalker/status/234897876873015297
@minochihou RT @sentaqu: 我思う、URL我あり  #takawo杯 https://twitter.com/#!/minochihou/status/234895714835103744
@shimatani_10111 コナミwi-fiワールド #takawo杯 https://twitter.com/#!/shimatani_10111/status/234894826682859520
@usgi ビー・バップ・MySQL #takawo杯 https://twitter.com/#!/usgi/status/234885395458977792
@kon_yu その頃台湾にいる無念 RT @takawo: 突然ですが、9/8(土)13時から仕込みiPhoneワークショップを外苑前403forbiddenにて行います。予告動画 http://t.co/bKLy3RcO #takawo杯 #仕込みiPhoneWS https://twitter.com/#!/kon_yu/status/234883961069907968
@takawo まとめを更新しました。 「第2回 #takawo杯 IT駄洒落コンテスト 応募作品まとめ(新着順)」 http://t.co/qH92HMUL https://twitter.com/#!/takawo/status/234881874139422720
@takawo ウィリアム・シェークスP2P #takawo杯 https://twitter.com/#!/takawo/status/234873700854415360
@kiske_ 飛んでインスタグラム #takawo杯 https://twitter.com/#!/kiske_/status/234871497741701120
@s9uare6usher @▱≪3  未完亭杯φ( ´∀`)'`'`'` #takawo杯 https://twitter.com/#!/s9uare6usher/status/234852413364916227
@s9uare6usher 8月のフェスばっか #takawo杯 https://twitter.com/#!/s9uare6usher/status/234843684808560640
@mit5uhito RT @alumican_net: えっ、モーションな時間！？ #takawo杯 https://twitter.com/#!/mit5uhito/status/234840047562661888
@mit5uhito RT @tettere: J( 'ｰ`)し たかを... #takawo杯 https://twitter.com/#!/mit5uhito/status/234840003837034498
@PENGUINANA_ BAN時休す #takawo杯 https://twitter.com/#!/PENGUINANA_/status/234839291694575616
@sentaqu 我思う、URL我あり  #takawo杯 https://twitter.com/#!/sentaqu/status/234838470042984448
@undo RT @tettere: J( 'ｰ`)し たかを... #takawo杯 https://twitter.com/#!/undo/status/234833171340992513
@undo このアプリ、ソースないの？そーっすねぇ・・・ #takawo杯 https://twitter.com/#!/undo/status/234833009914834944
@okutake 谷でもPing #takawo杯 https://twitter.com/#!/okutake/status/234832596796854272
@alumican_net えっ、モーションな時間！？ #takawo杯 https://twitter.com/#!/alumican_net/status/234832316344700929
@nakamulambda pokeットの中の戦争 #takawo杯 https://twitter.com/#!/nakamulambda/status/234823357894373376
@gebet 「タラヲ杯？とかいうのやってますよね」#takawo杯 https://twitter.com/#!/gebet/status/234818684969947136
@trss 2D OR NOT 2D #takawo杯 https://twitter.com/#!/trss/status/234815297809440769
@3_ynmr ハリーポッターと謎のprintf　#takawo杯 https://twitter.com/#!/3_ynmr/status/234791925469822977
@3_ynmr フィリップ・.stlク　#takawo杯 https://twitter.com/#!/3_ynmr/status/234790777815982080
@3_ynmr .gifラルタル海峡　#takawo杯 https://twitter.com/#!/3_ynmr/status/234789517729599488
@3_ynmr チキン#Num!蛮　#takawo杯 https://twitter.com/#!/3_ynmr/status/234789345264009216
@bouze Cocoa Quora (コカコーラ) #takawo杯 https://twitter.com/#!/bouze/status/234768605181538304
@bouze type cache(ダイブキャッチ) #takawo杯 https://twitter.com/#!/bouze/status/234767933618937858
@tettere ゲベットのG★SPOT #takawo杯 https://twitter.com/#!/tettere/status/234709601638035456
@tettere J( 'ｰ`)し たかを... #takawo杯 https://twitter.com/#!/tettere/status/234707859034750976
@miminashi RT @mit5uhito: djbdns remix #takawo杯 https://twitter.com/#!/miminashi/status/234689661417713665
@mit5uhito djbdns remix #takawo杯 https://twitter.com/#!/mit5uhito/status/234689476948029440
@_maimai おやsiriなsai꒰´ ु-௰ू-॰`꒱⋆｡˚✩ #takawo杯 https://twitter.com/#!/_maimai/status/234683674287816704
@mori146 RT @takawo: 突然ですが、9/8(土)13時から仕込みiPhoneワークショップを外苑前403forbiddenにて行います。予告動画 http://t.co/UmmXFhMh #takawo杯 #仕込みiPhoneWS https://twitter.com/#!/mori146/status/234683128952799233
@tani_yang RT @naokiring: まじで。 RT @takawo: 突然ですが、9/8(土)13時から仕込みiPhoneワークショップを外苑前403forbiddenにて行います。予告動画 http://t.co/A0svmNCC #takawo杯 #仕込みiPhoneWS https://twitter.com/#!/tani_yang/status/234682801876770816
@hirbaaa コナン「BUFFALO！」 #takawo杯 https://twitter.com/#!/hirbaaa/status/234681447548608512
@trss RT @takawo: 突然ですが、9/8(土)13時から仕込みiPhoneワークショップを外苑前403forbiddenにて行います。予告動画 http://t.co/UmmXFhMh #takawo杯 #仕込みiPhoneWS https://twitter.com/#!/trss/status/234680789672022016
@takawo ジェフリー・バッ遅延 #takawo杯 https://twitter.com/#!/takawo/status/234678621833408512
@daahara RT @takawo: 突然ですが、9/8(土)13時から仕込みiPhoneワークショップを外苑前403forbiddenにて行います。予告動画 http://t.co/UmmXFhMh #takawo杯 #仕込みiPhoneWS https://twitter.com/#!/daahara/status/234677537584857088
@hirbaaa アイアムアフィーロー #takawo杯 https://twitter.com/#!/hirbaaa/status/234676869579042816
@hirbaaa サークルKトンクス #takawo杯 https://twitter.com/#!/hirbaaa/status/234676234964041728
@ymsn 内田＠は、静岡県田方郡函南町出身のプロサッカー選手。ブンデスリーガ・シャルケ04所属。ポジションはDF（右サイドバック）。日本代表。 #takawo杯 https://twitter.com/#!/ymsn/status/234675967975645184
@hirame2050 RT @ymsn: オラ.wav.wavすっぞ！ #takawo杯 https://twitter.com/#!/hirame2050/status/234673763600461825
@ymsn オラ.wav.wavすっぞ！ #takawo杯 https://twitter.com/#!/ymsn/status/234673599108222976
@ymsn 参考文献その2貼っときますね http://t.co/yYViNK6j #takawo杯 https://twitter.com/#!/ymsn/status/234672355664863232
@ymsn 参考文献貼っておきますね http://t.co/IoSo5vmtプログラミング言語一覧 #takawo杯 https://twitter.com/#!/ymsn/status/234670921259028480
@ymsn すごいよ！！MISLさん #takawo杯 https://twitter.com/#!/ymsn/status/234670147485446146
@itoyuya RT @takawo: 突然ですが、9/8(土)13時から仕込みiPhoneワークショップを外苑前403forbiddenにて行います。予告動画 http://t.co/UmmXFhMh #takawo杯 #仕込みiPhoneWS https://twitter.com/#!/itoyuya/status/234670136680923136
@morisatoh 笑！ RT @takawo: 仕込みiPhoneワークショップの「当日手伝えるんで言ってください」率は異常 #takawo杯 #仕込みiPhoneWS https://twitter.com/#!/morisatoh/status/234669523050053633
@naokiring まじで。 RT @takawo: 突然ですが、9/8(土)13時から仕込みiPhoneワークショップを外苑前403forbiddenにて行います。予告動画 http://t.co/A0svmNCC #takawo杯 #仕込みiPhoneWS https://twitter.com/#!/naokiring/status/234669506881007616
@takawo 仕込みiPhoneワークショップの「当日手伝えるんで言ってください」率は異常 #takawo杯 #仕込みiPhoneWS https://twitter.com/#!/takawo/status/234669048045125632
@s9uare6usher もしもし時間（タイム） #takawo杯 https://twitter.com/#!/s9uare6usher/status/234668648206331904
@ymsn RT @takawo: この国民総サブアカ時代に閉じたコミュニケーションでキャッキャウフフの花を咲かせるのもいいだろう。決して一つになることのないこのTLで、大声で何度だって、君に呼びかけ、響き渡る、もしもし！ #takawo杯 第2回が開催中です。皆様からの熱い折り返しのお電話、お待ちしております‼ https://twitter.com/#!/ymsn/status/234667933958283265
@trss RT @takawo: この国民総サブアカ時代に閉じたコミュニケーションでキャッキャウフフの花を咲かせるのもいいだろう。決して一つになることのないこのTLで、大声で何度だって、君に呼びかけ、響き渡る、もしもし！ #takawo杯 第2回が開催中です。皆様からの熱い折り返しのお電話、お待ちしております‼ https://twitter.com/#!/trss/status/234667340191649792
@takawo この国民総サブアカ時代に閉じたコミュニケーションでキャッキャウフフの花を咲かせるのもいいだろう。決して一つになることのないこのTLで、大声で何度だって、君に呼びかけ、響き渡る、もしもし！ #takawo杯 第2回が開催中です。皆様からの熱い折り返しのお電話、お待ちしております‼ https://twitter.com/#!/takawo/status/234667255080820736
@s9uare6usher 「イ」 #takawo杯 https://twitter.com/#!/s9uare6usher/status/234663794327052288
@s9uare6usher RT @takawo: 突然ですが、9/8(土)13時から仕込みiPhoneワークショップを外苑前403forbiddenにて行います。予告動画 http://t.co/UmmXFhMh #takawo杯 #仕込みiPhoneWS https://twitter.com/#!/s9uare6usher/status/234663341224775680
@takawo 企画運営をどうして #takawo杯 がやっているかというと https://t.co/sz3SmhI6 https://twitter.com/#!/takawo/status/234659632700878848
@nana82 RT @takawo: 突然ですが、9/8(土)13時から仕込みiPhoneワークショップを外苑前403forbiddenにて行います。予告動画 http://t.co/UmmXFhMh #takawo杯 #仕込みiPhoneWS https://twitter.com/#!/nana82/status/234659407479328768
@jojporg yabai RT @takawo: 突然ですが、9/8(土)13時から仕込みiPhoneワークショップを外苑前403forbiddenにて行います。予告動画 http://t.co/NEdUOGR4 #takawo杯 #仕込みiPhoneWS https://twitter.com/#!/jojporg/status/234658446383927298
@sho_gyabe RT @takawo: 突然ですが、9/8(土)13時から仕込みiPhoneワークショップを外苑前403forbiddenにて行います。予告動画 http://t.co/UmmXFhMh #takawo杯 #仕込みiPhoneWS https://twitter.com/#!/sho_gyabe/status/234658278062305282
@takawo 突然ですが、9/8(土)13時から仕込みiPhoneワークショップを外苑前403forbiddenにて行います。予告動画 http://t.co/UmmXFhMh #takawo杯 #仕込みiPhoneWS https://twitter.com/#!/takawo/status/234658081592729602
@trss どうも先週くらいからGUI悪い #takawo杯 https://twitter.com/#!/trss/status/234657931289821184
@trss ペルセウス座流星バッチ処理 #takawo杯 https://twitter.com/#!/trss/status/234656935151026176
@ymsn RT @takawo: 昨日「仕事で辛い時、帰りの電車で #takawo杯 アオリ文読んでると、明日も頑張ろうって思えるんです」と曇りない眼で言われて、俺は資本主義の搾取構造に加担してるんじゃない、個人の精神を解放しているんだなどと言い聞かせて、Xの紅をカラオケで聴きながら飲んだ酒がまだこのへんにある https://twitter.com/#!/ymsn/status/234656406165409792
@mit5uhito Tポインタカードはお持ちですか? NULL #takawo杯 https://twitter.com/#!/mit5uhito/status/234656221662175232
@trss ただしインクリメンタルに限る #takawo杯 https://twitter.com/#!/trss/status/234655980087033856
@shimatani_10111 AKB110000 #takawo杯 https://twitter.com/#!/shimatani_10111/status/234655919789731840
@s9uare6usher RT @takawo: 昨日「仕事で辛い時、帰りの電車で #takawo杯 アオリ文読んでると、明日も頑張ろうって思えるんです」と曇りない眼で言われて、俺は資本主義の搾取構造に加担してるんじゃない、個人の精神を解放しているんだなどと言い聞かせて、Xの紅をカラオケで聴きながら飲んだ酒がまだこのへんにある https://twitter.com/#!/s9uare6usher/status/234652675378118656
@s9uare6usher じゃりン子CA #takawo杯 https://twitter.com/#!/s9uare6usher/status/234650906388488192
@takawo じゃりン子PA #takawo杯 https://twitter.com/#!/takawo/status/234649152603164673
@PENGUINANA_ じゃりン子TA #takawo杯 https://twitter.com/#!/PENGUINANA_/status/234648937993211904
@s9uare6usher ナチュラルに杯して #takawo杯 https://twitter.com/#!/s9uare6usher/status/234645840050921474
@moxus 再帰あふれてる #takawo杯 https://twitter.com/#!/moxus/status/234644626437451776
@takawo 充分に発達した科学技術は、yahooと見分けが付かない #takawo杯 https://twitter.com/#!/takawo/status/234635753261527040
@tks_iwt Undo広重 #takawo杯 https://twitter.com/#!/tks_iwt/status/234632699543945216
@s9uare6usher なぞるぞ  #takawo杯 https://twitter.com/#!/s9uare6usher/status/234630480383836160
@proto_jp GetWild &amp;&amp; Tough #takawo杯 https://twitter.com/#!/proto_jp/status/234629116693983234
@hikohiko 壇ふみかわいい　#takawo杯 https://twitter.com/#!/hikohiko/status/234628835491082240
@yamaWalker 葛飾ウェッサイ #takawo杯 https://twitter.com/#!/yamaWalker/status/234628768520613890
@tks_iwt デミ・ムーアの法則 #takawo杯 https://twitter.com/#!/tks_iwt/status/234621434712952832
@tks_iwt 旅の恥はディアステ #takawo杯 https://twitter.com/#!/tks_iwt/status/234621152553742337
@illne ITメシ屋 #takawo杯 https://twitter.com/#!/illne/status/234611718062501888
@salut RT @takawo: 昨日「仕事で辛い時、帰りの電車で #takawo杯 アオリ文読んでると、明日も頑張ろうって思えるんです」と曇りない眼で言われて、俺は資本主義の搾取構造に加担してるんじゃない、個人の精神を解放しているんだなどと言い聞かせて、Xの紅をカラオケで聴きながら飲んだ酒がまだこのへんにある https://twitter.com/#!/salut/status/234591583004135424
@dezaiso 男子 @masason スタート #takawo杯 https://twitter.com/#!/dezaiso/status/234590305071026177
@FrangerST 特集:感じ合うTeX #takawo杯 https://twitter.com/#!/FrangerST/status/234582707353567232
@sho_gyabe ゲイにも #takawo杯 が浸透するか実験中 https://twitter.com/#!/sho_gyabe/status/234567226525642752
@sho_gyabe RT @nagraphic: 返り値を浴びる #takawo杯 https://twitter.com/#!/sho_gyabe/status/234566939039637504
@sho_gyabe RT @takawo: IT駄洒落とは、言語のシニフィアンとシニフィエを組み換え、交配させ、標本化すること。それが正しいかどうかは全てお前と23世紀が判断しろ‼手応えの無い現実から遠い未来へと、再び放たれるゴールデンディスク、#takawo杯 第2回が開催中です！皆様からの熱いご応募お待ちしております‼ https://twitter.com/#!/sho_gyabe/status/234566861239496705
@sho_gyabe RT @takawo: ダンスさえ踊れない狂ったこの時代に、毛繕いコミュニケーションじゃ何一つ解決しやしないんだ！@もRTも要らない、行間で伝わんだろ？心拍数はきっかり96、魂を砕いてDRMフリーで撒き散らす俺が合法IT駄洒落プッシャー #takawo杯 第2回、皆様からのご応募お待ちしております！ https://twitter.com/#!/sho_gyabe/status/234565908075520000
@sho_gyabe RT @takawo: 昨日「仕事で辛い時、帰りの電車で #takawo杯 アオリ文読んでると、明日も頑張ろうって思えるんです」と曇りない眼で言われて、俺は資本主義の搾取構造に加担してるんじゃない、個人の精神を解放しているんだなどと言い聞かせて、Xの紅をカラオケで聴きながら飲んだ酒がまだこのへんにある https://twitter.com/#!/sho_gyabe/status/234565623798190081
@taihei んchatんchatソング（Dr.スランプ アラレちゃん） #takawo杯 https://twitter.com/#!/taihei/status/234561872563675137
@osicoman RT @takawo: 昨日「仕事で辛い時、帰りの電車で #takawo杯 アオリ文読んでると、明日も頑張ろうって思えるんです」と曇りない眼で言われて、俺は資本主義の搾取構造に加担してるんじゃない、個人の精神を解放しているんだなどと言い聞かせて、Xの紅をカラオケで聴きながら飲んだ酒がまだこのへんにある https://twitter.com/#!/osicoman/status/234561765973819392
@takawo 昨日「仕事で辛い時、帰りの電車で #takawo杯 アオリ文読んでると、明日も頑張ろうって思えるんです」と曇りない眼で言われて、俺は資本主義の搾取構造に加担してるんじゃない、個人の精神を解放しているんだなどと言い聞かせて、Xの紅をカラオケで聴きながら飲んだ酒がまだこのへんにある https://twitter.com/#!/takawo/status/234561650160701440
@takawo ここのところ調子が悪く、なんとなく呪われているような気がするので、overrideしたい #takawo杯 https://twitter.com/#!/takawo/status/234558148382453760
@1VQ9 Flash lessバーガー #takawo杯 https://twitter.com/#!/1VQ9/status/234557885714153472
@takawo 「あ、じゃ、要る？」#takawo杯 https://twitter.com/#!/takawo/status/234556810869231616
@shimatani_10111 Dragon# #takawo杯 https://twitter.com/#!/shimatani_10111/status/234555900361326592
@artypo 夏へのπ #takawo杯 https://twitter.com/#!/artypo/status/234551394839982081
@s9uare6usher RT @ebimayu: ロバートはインラインで失礼いたします。 #takawo杯 https://twitter.com/#!/s9uare6usher/status/234548858930208769
@hirbaaa VPN的な改革 #takawo杯 https://twitter.com/#!/hirbaaa/status/234520217592676353
@tanibeta 幕張メッセンジャー #takawo杯 https://twitter.com/#!/tanibeta/status/234520191202123776
@makimoto zipped友だょ……！！ #takawo杯 https://twitter.com/#!/makimoto/status/234508916590002177
@gebet 新Kiva #takawo杯 https://twitter.com/#!/gebet/status/234495639159980033
@s9uare6usher 夏っπ http://t.co/CJDMjYBO #takawo杯 https://twitter.com/#!/s9uare6usher/status/234493510122885120
@s9uare6usher @▱≪3  未完亭杯φ( ´∀`)'`'`'` #takawo杯 https://twitter.com/#!/s9uare6usher/status/234493118232281088
@s9uare6usher 山歩き #takawo杯 https://twitter.com/#!/s9uare6usher/status/234488229951324163
@s9uare6usher ピュレグmi新食感 #takawo杯 https://twitter.com/#!/s9uare6usher/status/234488220103090176
@s9uare6usher SNS浸食感をぬけ出す前に #takawo杯 https://twitter.com/#!/s9uare6usher/status/234488134119849985
@tks_iwt OLED OLED 詐欺 #takawo杯 https://twitter.com/#!/tks_iwt/status/234487051075067904
@moxus diigo報告 #takawo杯 https://twitter.com/#!/moxus/status/234485202871799808
@s9uare6usher ダークホースCAN #takawo杯 https://twitter.com/#!/s9uare6usher/status/234484821366288384
@yamaWalker 財をNAS #takawo杯 https://twitter.com/#!/yamaWalker/status/234484677354852352
@s9uare6usher "sxy"もしかして:sexy #takawo杯 https://twitter.com/#!/s9uare6usher/status/234482284483465217
@s9uare6usher NASAっての方向に #takawo杯 https://twitter.com/#!/s9uare6usher/status/234482213788479488
@s9uare6usher 夢眠em.std #takawo杯 https://twitter.com/#!/s9uare6usher/status/234482140186824704
@moxus 衣ほすてふ天の香具Yammer #takawo杯 https://twitter.com/#!/moxus/status/234478049201098754
@hirbaaa 剛力IME #takawo杯 https://twitter.com/#!/hirbaaa/status/234458229617344512
@hirbaaa Death Norton #takawo杯 https://twitter.com/#!/hirbaaa/status/234457206106501122
@negipo 日産スカイラインCTO #takawo杯 https://twitter.com/#!/negipo/status/234447785565491200
@moxus 君とitoa夏 #takawo杯 https://twitter.com/#!/moxus/status/234434611961294849
@s9uare6usher おひけーNASって #takawo杯 https://twitter.com/#!/s9uare6usher/status/234432913578549248
@PENGUINANA_ RT @takawo: 生きてるってNaNだろ #takawo杯 https://twitter.com/#!/PENGUINANA_/status/234430851948101633
@takawo 生きてるってNaNだろ #takawo杯 https://twitter.com/#!/takawo/status/234426833830019072
@s9uare6usher @takawo さんの.岐阜はこれが一番好きです http://t.co/paXIt4G6 #takawo杯 https://twitter.com/#!/s9uare6usher/status/234426427724922880
@artypo ‘@▱≪3’ 起きぬけのRAW面転写してない窓が４つある 姉貴たら気もIT詩 蟬の女王がはいってきたけど; まあいいや このまま オカエLinux 切り取れ、あの祈る(アオル)CEO達が聴く"わたしは宇宙◯でリラックス☆" 日本語「69」をつぶやく風をあつめて #takawo杯 https://twitter.com/#!/artypo/status/234415865230155778
@gaina 田代merge #takawo杯 https://twitter.com/#!/gaina/status/234415693750231040
@nabetanne_delay Navi, Etsuko #takawo杯 https://twitter.com/#!/nabetanne_delay/status/234359536021037057
@trss 朝が来るまで終わることのないダンプを #takawo杯 https://twitter.com/#!/trss/status/234334995819417600
@porosuke36 softima痔  #takawo杯 https://twitter.com/#!/porosuke36/status/234332598908887041
@porosuke36 mayamax  #takawo杯 https://twitter.com/#!/porosuke36/status/234331575934930944
@miminashi RT @mit5uhito: git pull、翼を授ける。 #takawo杯 https://twitter.com/#!/miminashi/status/234329514929451009
@mit5uhito git pull、翼を授ける。 #takawo杯 https://twitter.com/#!/mit5uhito/status/234328587430412288
@mit5uhito 少年JMP (ASM) #takawo杯 https://twitter.com/#!/mit5uhito/status/234327493266518017
@porosuke36 cola i7 #takawo杯 https://twitter.com/#!/porosuke36/status/234327192912412672
@porosuke36 インテル 痔on プロセッサ #takawo杯 https://twitter.com/#!/porosuke36/status/234326730838528000
@mit5uhito 誰だよサラダにシングルトン入れたやつ #takawo杯 https://twitter.com/#!/mit5uhito/status/234325123728023552
@s9uare6usher RT @mit5uhito: GoFッ... (吐血) #takawo杯 https://twitter.com/#!/s9uare6usher/status/234325001208213504
@s9uare6usher 情報宇宙のPIXELMATOR #takawo杯 https://twitter.com/#!/s9uare6usher/status/234324962570293248
@mit5uhito GoFッ... (吐血) #takawo杯 https://twitter.com/#!/mit5uhito/status/234324721875951616
@aereal 日産スカイラインCTR #takawo杯 https://twitter.com/#!/aereal/status/234323481951621121
@usgi ああ言えば共有 #takawo杯 https://twitter.com/#!/usgi/status/234323212752797698
@_maimai タン塩食べね馬φ( ´∀`)'`'`'` #takawo杯 #グルメ杯 https://twitter.com/#!/_maimai/status/234322529806864386
@s9uare6usher 2じゃないな通だな #takawo杯 https://twitter.com/#!/s9uare6usher/status/234322514820608000
@s9uare6usher httips: http://t.co/0RayHbCn / http://t.co/OKFdT33a / #takawo杯 https://twitter.com/#!/s9uare6usher/status/234322444666679297
@s9uare6usher シュプレヒコール・シュナイダー #takawo杯 https://twitter.com/#!/s9uare6usher/status/234322387699650560
@s9uare6usher ジェームス・チャンスジャナイ!? #takawo杯 https://twitter.com/#!/s9uare6usher/status/234322341721698304
@s9uare6usher タン塩一点買わね馬φ( ´∀`)'`'`'` #takawo杯 #グルメ杯 https://twitter.com/#!/s9uare6usher/status/234322127703117824
@r_okaz .icoNIQ ♥ GAACT #takawo杯 https://twitter.com/#!/r_okaz/status/234319508683231232
@sora_h RT @makimoto: SEO麹 #takawo杯 https://twitter.com/#!/sora_h/status/234319033254690816
@marigomocha 鳩山UIしちゃうぞ！ #takawo杯 https://twitter.com/#!/marigomocha/status/234318577283506176
@marigomocha UU白書 #takawo杯 https://twitter.com/#!/marigomocha/status/234318444642848769
@marigomocha さて、肉をKloutするか  #takawo杯 https://twitter.com/#!/marigomocha/status/234318374715404289
@marigomocha OSS！オラ悟空！ #takawo杯 https://twitter.com/#!/marigomocha/status/234318343123918849
@r_okaz GIMPの皿 #takawo杯 https://twitter.com/#!/r_okaz/status/234318341450387456
@marigomocha 肉の焼き加減はrawで、tapりsrcをかけてください #takawo杯 https://twitter.com/#!/marigomocha/status/234318294897815552
@marigomocha イミテーションField #takawo杯 https://twitter.com/#!/marigomocha/status/234318252627611649
@marigomocha 心臓がtoken...token... #takawo杯 https://twitter.com/#!/marigomocha/status/234318211108188161
@marigomocha Launchご一緒しまCenter? #takawo杯 https://twitter.com/#!/marigomocha/status/234318158528385025
@marigomocha 王様のbranch 女王様のlaunch #takawo杯 https://twitter.com/#!/marigomocha/status/234318111283761154
@marigomocha 澤 overlay #takawo杯 https://twitter.com/#!/marigomocha/status/234318066719264768
@marigomocha なyml子羊 #takawo杯 https://twitter.com/#!/marigomocha/status/234318019327819778
@_maimai やらね馬(ू ˃̣̣̣̣̣̣o˂̣̣̣̣̣̣ ू) #takawo杯 #グルメ杯 https://twitter.com/#!/_maimai/status/234317723155447808
@makimoto SEO麹 #takawo杯 https://twitter.com/#!/makimoto/status/234316784038187008
@makimoto CTOブエンジェル #takawo杯 https://twitter.com/#!/makimoto/status/234316446551924736
@slept VoQnハバネロ #takawo杯 https://twitter.com/#!/slept/status/234316032574119936
@sora_h RT @makimoto: 今夜が Yammer だ。 #takawo杯 https://twitter.com/#!/sora_h/status/234315939611549697
@makimoto 今夜が Yammer だ。 #takawo杯 https://twitter.com/#!/makimoto/status/234315500576993281
@keisuke_1211 RT @moriyoshit: IEなき子 #takawo杯 https://twitter.com/#!/keisuke_1211/status/234307861419790336
@tan_go238 RT @moriyoshit: IEなき子 #takawo杯 https://twitter.com/#!/tan_go238/status/234307368320634880
@moriyoshit IEなき子 #takawo杯 https://twitter.com/#!/moriyoshit/status/234307037218095104
@yamaWalker Say Ho な評価を #takawo杯 https://twitter.com/#!/yamaWalker/status/234306964375601152
@usgi 承認 fuck you #takawo杯 https://twitter.com/#!/usgi/status/234306628881620992
@yamaWalker 承認 fuck you #takawo杯 https://twitter.com/#!/yamaWalker/status/234304601539633152
@drillbits #takawo杯 ってなんだろう https://twitter.com/#!/drillbits/status/234299071857311744
@tanibeta 東.max #takawo杯 https://twitter.com/#!/tanibeta/status/234298549767122944
@hirbaaa 新参なめ子 #takawo杯 https://twitter.com/#!/hirbaaa/status/234294192665411584
@sugamasao RT @moriyoshit: 桃PYPY #takawo杯 https://twitter.com/#!/sugamasao/status/234293382011310080
@moriyoshit 桃PYPY #takawo杯 https://twitter.com/#!/moriyoshit/status/234293308917157889
@anan_si 腋ペディア #takawo杯 https://twitter.com/#!/anan_si/status/234285987247820800
@Yuta_Iguchi LINE工 #takawo杯 https://twitter.com/#!/Yuta_Iguchi/status/234283685443166208
@FrangerST AVR-20指定 #takawo杯 https://twitter.com/#!/FrangerST/status/234279453407195136
@FrangerST ブルースクリーン息吐息 #takawo杯 https://twitter.com/#!/FrangerST/status/234277335791198208
@FrangerST 連日徹夜で疲労compile #takawo杯 https://twitter.com/#!/FrangerST/status/234276569294700544
@alumican_net i不穏 #takawo杯 https://twitter.com/#!/alumican_net/status/234276544443453441
@FrangerST エン工事ング #takawo杯 https://twitter.com/#!/FrangerST/status/234276094600159232
@FrangerST 困憊ル #takawo杯 https://twitter.com/#!/FrangerST/status/234275975280611328
@FrangerST 工事ング #takawo杯 https://twitter.com/#!/FrangerST/status/234275922184904704
@FrangerST おっ.py #takawo杯 https://twitter.com/#!/FrangerST/status/234275468940046336
@FrangerST セル・オート羊肉 #takawo杯 https://twitter.com/#!/FrangerST/status/234275294654111744
@FrangerST 順列都市 #takawo杯 https://twitter.com/#!/FrangerST/status/234275076529324032
@site_oh alpha &amp; blur 宮殿 #takawo杯 https://twitter.com/#!/site_oh/status/234274302294388736
@FrangerST ウサギと亀レス #takawo杯 https://twitter.com/#!/FrangerST/status/234274150796111872
@FrangerST ハイレーツ #takawo杯 https://twitter.com/#!/FrangerST/status/234273802345922560
@FrangerST 全.rar #takawo杯 https://twitter.com/#!/FrangerST/status/234273653204844544
@FrangerST 性器表現 #takawo杯 https://twitter.com/#!/FrangerST/status/234273484895821824
@FrangerST 暮らし安心ラプラシアン #takawo杯 https://twitter.com/#!/FrangerST/status/234273335826079744
@FrangerST ・・・あーんてなっ！冗談だよ #takawo杯 https://twitter.com/#!/FrangerST/status/234272836716462081
@FrangerST Songs in the WEP Key of life #takawo杯 https://twitter.com/#!/FrangerST/status/234272298683756544
@FrangerST たーのしーいー♪ な～かまー～が～♪ PPPoE♪ #takawo杯 https://twitter.com/#!/FrangerST/status/234271081022771201
@FrangerST 友蔵「マルコフや」 #takawo杯 https://twitter.com/#!/FrangerST/status/234270349833932800
@FrangerST ソーシャル・マクルーハン #takawo杯 https://twitter.com/#!/FrangerST/status/234268875531878402
@slept 夜の Safari パーク #takawo杯 https://twitter.com/#!/slept/status/234264023250640896
@FrangerST こんにちは！こんにちは！ #takawo杯 https://twitter.com/#!/FrangerST/status/234262285533712384
@illne IEが生まれた日 #takawo杯 https://twitter.com/#!/illne/status/234260674828709888
@FrangerST ♪油汚れにー ジョイスティック #takawo杯 https://twitter.com/#!/FrangerST/status/234257877353787392
@yamaWalker 葛飾ウェッサイ #takawo杯 https://twitter.com/#!/yamaWalker/status/234257584956260352
@FrangerST clickの策 #takawo杯 https://twitter.com/#!/FrangerST/status/234257516366798848
@FrangerST Kinectorutoru‥ #takawo杯 https://twitter.com/#!/FrangerST/status/234257314146832385
@artypo の FAX ≫ お盆に帰らず #takawo杯 https://twitter.com/#!/artypo/status/234236487078641664
@artypo 帰省キャッシュ #takawo杯 https://twitter.com/#!/artypo/status/234235606409023488
@negligeeninja 一Tizen体 #takawo杯 https://twitter.com/#!/negligeeninja/status/234235299113336832
@terida キス ちゅ チェッカー #takawo杯 https://twitter.com/#!/terida/status/234230164337352704
@terida 今年も既出チェッカーってあるんですか? #takawo杯 https://twitter.com/#!/terida/status/234229046333042688
@terida DELL DELL DELLね #takawo杯 https://twitter.com/#!/terida/status/234228777977266177
@hirbaaa Android猪木 #takawo杯 https://twitter.com/#!/hirbaaa/status/234228364725088256
@terida アイルトン ペナ #takawo杯 https://twitter.com/#!/terida/status/234227941347848192
@terida メルセデスBenQ #takawo杯 https://twitter.com/#!/terida/status/234227415486976000
